<?xml version="1.0" encoding="UTF-8"?>
<!-- Generated by org.testng.reporters.JUnitReportReporter -->
<testsuite skipped="0" hostname="LAPTOP-AVO2SLVE" name="com.amazon.qa.test.HomePageTest" tests="1" failures="0" timestamp="06 Sep 2020 04:53:46 GMT" time="8.779" errors="0">
  <testcase name="homePageNavigation" time="8.779" classname="com.amazon.qa.test.HomePageTest"/>
</testsuite> <!-- com.amazon.qa.test.HomePageTest -->
