<?xml version="1.0" encoding="UTF-8"?>
<!-- Generated by org.testng.reporters.JUnitReportReporter -->
<testsuite skipped="0" hostname="LAPTOP-AVO2SLVE" name="com.amazon.qa.test.AmazonTest" tests="4" failures="0" timestamp="06 Sep 2020 15:11:15 GMT" time="70.859" errors="0">
  <testcase name="homePageNavigation" time="10.406" classname="com.amazon.qa.test.AmazonTest"/>
  <testcase name="addProductToCart" time="28.763" classname="com.amazon.qa.test.AmazonTest"/>
  <testcase name="productFromMenu" time="26.763" classname="com.amazon.qa.test.AmazonTest"/>
  <testcase name="amazonLogoTest" time="4.927" classname="com.amazon.qa.test.AmazonTest"/>
</testsuite> <!-- com.amazon.qa.test.AmazonTest -->
