<?xml version="1.0" encoding="UTF-8"?>
<!-- Generated by org.testng.reporters.JUnitReportReporter -->
<testsuite skipped="0" hostname="LAPTOP-AVO2SLVE" name="amazon.automation.PurchaseOrderTest" tests="1" failures="0" timestamp="05 Sep 2020 13:12:11 GMT" time="9.409" errors="0">
  <testcase name="navigateToAmazon" time="9.409" classname="amazon.automation.PurchaseOrderTest"/>
</testsuite> <!-- amazon.automation.PurchaseOrderTest -->
